<?xml version="1.0" encoding="UTF-8"?>
<!-- Generated by org.testng.reporters.JUnitReportReporter -->
<testsuite hostname="VP-F1-14" name="Sample.NewTest" tests="1" failures="0" timestamp="31 Oct 2019 04:55:06 GMT" time="24.957" errors="0">
  <testcase name="NewTest" time="24.957" classname="Sample.NewTest"/>
</testsuite> <!-- Sample.NewTest -->
