<?xml version="1.0" encoding="UTF-8"?>
<!-- Generated by org.testng.reporters.JUnitReportReporter -->
<testsuite hostname="VP-F1-14" name="Sample.Grid_2" tests="1" failures="0" timestamp="23 Oct 2019 12:19:14 GMT" time="24.618" errors="0">
  <testcase name="sampleTest" time="24.618" classname="Sample.Grid_2"/>
</testsuite> <!-- Sample.Grid_2 -->
