<?xml version="1.0" encoding="UTF-8"?>
<!-- Generated by org.testng.reporters.JUnitReportReporter -->
<testsuite hostname="VP-F1-14" name="KeyWordDrivenFrameWork.Modules" tests="1" failures="0" timestamp="26 Jun 2019 06:48:58 GMT" time="0.018" errors="0">
  <testcase name="f" time="0.018" classname="KeyWordDrivenFrameWork.Modules"/>
</testsuite> <!-- KeyWordDrivenFrameWork.Modules -->
