<?xml version="1.0" encoding="UTF-8"?>
<!-- Generated by org.testng.reporters.JUnitReportReporter -->
<testsuite hostname="VP-F1-14" name="Sample.NewTest" tests="1" failures="0" timestamp="31 Oct 2019 06:02:39 GMT" time="46.683" errors="0">
  <testcase name="NewTest" time="46.683" classname="Sample.NewTest"/>
</testsuite> <!-- Sample.NewTest -->
